c:\code\sbrush\sbrush\x64\debug\vc141.pdb
c:\code\sbrush\sbrush\x64\debug\vc141.idb
c:\code\sbrush\sbrush\x64\debug\stdafx.obj
c:\code\sbrush\sbrush\x64\debug\sbrush.obj
c:\code\sbrush\sbrush\x64\debug\loadshader.obj
c:\code\sbrush\sbrush\x64\debug\input.obj
c:\code\sbrush\sbrush\x64\debug\draw.obj
c:\code\sbrush\x64\debug\sbrush.ilk
c:\code\sbrush\x64\debug\sbrush.exe
c:\code\sbrush\x64\debug\sbrush.pdb
c:\code\sbrush\sbrush\x64\debug\sbrush.res
c:\code\sbrush\sbrush\x64\debug\sbrush.tlog\cl.command.1.tlog
c:\code\sbrush\sbrush\x64\debug\sbrush.tlog\cl.read.1.tlog
c:\code\sbrush\sbrush\x64\debug\sbrush.tlog\cl.write.1.tlog
c:\code\sbrush\sbrush\x64\debug\sbrush.tlog\link.command.1.tlog
c:\code\sbrush\sbrush\x64\debug\sbrush.tlog\link.read.1.tlog
c:\code\sbrush\sbrush\x64\debug\sbrush.tlog\link.write.1.tlog
c:\code\sbrush\sbrush\x64\debug\sbrush.tlog\rc.command.1.tlog
c:\code\sbrush\sbrush\x64\debug\sbrush.tlog\rc.read.1.tlog
c:\code\sbrush\sbrush\x64\debug\sbrush.tlog\rc.write.1.tlog
